<?xml version="1.0" encoding="UTF-8"?>
<!-- Generated by org.testng.reporters.JUnitReportReporter -->
<testsuite skipped="0" hostname="TTLCPU1312092" name="sanity.NewTest" tests="1" failures="0" timestamp="09 Jun 2017 13:59:34 GMT" time="0.007" errors="0">
  <testcase name="TestCase" time="0.007" classname="sanity.NewTest"/>
</testsuite> <!-- sanity.NewTest -->
