<?xml version="1.0" encoding="UTF-8"?>
<!-- Generated by org.testng.reporters.JUnitReportReporter -->
<testsuite skipped="0" hostname="locker-PC" name="sanity.RegsByCustId" tests="1" failures="0" timestamp="11 Jun 2017 17:58:39 GMT" time="3.064" errors="0">
  <testcase name="regsByCustomerId" time="3.064" classname="sanity.RegsByCustId"/>
</testsuite> <!-- sanity.RegsByCustId -->
