<?xml version="1.0" encoding="UTF-8"?>
<!-- Generated by org.testng.reporters.JUnitReportReporter -->
<testsuite skipped="0" hostname="locker-PC" name="sanity.LoginTest" tests="1" failures="0" timestamp="11 Jun 2017 17:58:39 GMT" time="0.018" errors="0">
  <testcase name="TestCase" time="0.018" classname="sanity.LoginTest"/>
</testsuite> <!-- sanity.LoginTest -->
