<?xml version="1.0" encoding="UTF-8"?>
<!-- Generated by org.testng.reporters.JUnitReportReporter -->
<testsuite skipped="0" hostname="TTLCPU1312092" name="AxisGST.Test1" tests="1" failures="0" timestamp="09 Jun 2017 10:16:11 GMT" time="5.364" errors="0">
  <testcase name="TestLogin" time="5.364" classname="AxisGST.Test1"/>
</testsuite> <!-- AxisGST.Test1 -->
