<?xml version="1.0" encoding="UTF-8"?>
<!-- Generated by org.testng.reporters.JUnitReportReporter -->
<testsuite skipped="0" hostname="locker-PC" name="sanity.RegsBySourSys" tests="1" failures="0" timestamp="11 Jun 2017 17:58:39 GMT" time="3.745" errors="0">
  <testcase name="regsBySourceSys" time="3.745" classname="sanity.RegsBySourSys"/>
</testsuite> <!-- sanity.RegsBySourSys -->
