<?xml version="1.0" encoding="UTF-8"?>
<!-- Generated by org.testng.reporters.JUnitReportReporter -->
<testsuite skipped="0" hostname="locker-PC" name="sanity.GSTRegisMaster" tests="1" failures="0" timestamp="11 Jun 2017 17:58:39 GMT" time="9.799" errors="0">
  <testcase name="gstResgMaster" time="9.799" classname="sanity.GSTRegisMaster"/>
</testsuite> <!-- sanity.GSTRegisMaster -->
